<?xml version="1.0" encoding="UTF-8"?>
<testsuite xmlns:xsi="http://www.w3.org/2001/XMLSchema-instance" xsi:noNamespaceSchemaLocation="https://maven.apache.org/surefire/maven-surefire-plugin/xsd/surefire-test-report.xsd" name="com.example.demo.DemoApplicationTests" time="6.383" tests="1" errors="0" skipped="0" failures="0">
  <properties>
    <property name="java.specification.version" value="15"/>
    <property name="sun.jnu.encoding" value="UTF-8"/>
    <property name="java.class.path" value="/Users/ameenahmad/Downloads/demo/target/test-classes:/Users/ameenahmad/Downloads/demo/target/classes:/Users/ameenahmad/.m2/repository/org/springframework/integration/spring-integration-ftp/5.2.4.RELEASE/spring-integration-ftp-5.2.4.RELEASE.jar:/Users/ameenahmad/.m2/repository/commons-net/commons-net/3.6/commons-net-3.6.jar:/Users/ameenahmad/.m2/repository/org/springframework/integration/spring-integration-file/5.5.6/spring-integration-file-5.5.6.jar:/Users/ameenahmad/.m2/repository/commons-io/commons-io/2.11.0/commons-io-2.11.0.jar:/Users/ameenahmad/.m2/repository/org/springframework/spring-context-support/5.3.13/spring-context-support-5.3.13.jar:/Users/ameenahmad/.m2/repository/org/springframework/spring-beans/5.3.13/spring-beans-5.3.13.jar:/Users/ameenahmad/.m2/repository/org/springframework/spring-context/5.3.13/spring-context-5.3.13.jar:/Users/ameenahmad/.m2/repository/org/springframework/boot/spring-boot-starter-integration/2.6.0/spring-boot-starter-integration-2.6.0.jar:/Users/ameenahmad/.m2/repository/org/springframework/boot/spring-boot-starter-aop/2.6.0/spring-boot-starter-aop-2.6.0.jar:/Users/ameenahmad/.m2/repository/org/springframework/spring-aop/5.3.13/spring-aop-5.3.13.jar:/Users/ameenahmad/.m2/repository/org/aspectj/aspectjweaver/1.9.7/aspectjweaver-1.9.7.jar:/Users/ameenahmad/.m2/repository/org/springframework/integration/spring-integration-core/5.5.6/spring-integration-core-5.5.6.jar:/Users/ameenahmad/.m2/repository/org/springframework/spring-messaging/5.3.13/spring-messaging-5.3.13.jar:/Users/ameenahmad/.m2/repository/org/springframework/spring-tx/5.3.13/spring-tx-5.3.13.jar:/Users/ameenahmad/.m2/repository/org/springframework/retry/spring-retry/1.3.1/spring-retry-1.3.1.jar:/Users/ameenahmad/.m2/repository/javax/annotation/javax.annotation-api/1.3.2/javax.annotation-api-1.3.2.jar:/Users/ameenahmad/.m2/repository/io/projectreactor/reactor-core/3.4.12/reactor-core-3.4.12.jar:/Users/ameenahmad/.m2/repository/org/reactivestreams/reactive-streams/1.0.3/reactive-streams-1.0.3.jar:/Users/ameenahmad/.m2/repository/org/springframework/boot/spring-boot-starter-web/2.6.0/spring-boot-starter-web-2.6.0.jar:/Users/ameenahmad/.m2/repository/org/springframework/boot/spring-boot-starter/2.6.0/spring-boot-starter-2.6.0.jar:/Users/ameenahmad/.m2/repository/org/springframework/boot/spring-boot/2.6.0/spring-boot-2.6.0.jar:/Users/ameenahmad/.m2/repository/org/springframework/boot/spring-boot-autoconfigure/2.6.0/spring-boot-autoconfigure-2.6.0.jar:/Users/ameenahmad/.m2/repository/org/springframework/boot/spring-boot-starter-logging/2.6.0/spring-boot-starter-logging-2.6.0.jar:/Users/ameenahmad/.m2/repository/ch/qos/logback/logback-classic/1.2.7/logback-classic-1.2.7.jar:/Users/ameenahmad/.m2/repository/ch/qos/logback/logback-core/1.2.7/logback-core-1.2.7.jar:/Users/ameenahmad/.m2/repository/org/apache/logging/log4j/log4j-to-slf4j/2.14.1/log4j-to-slf4j-2.14.1.jar:/Users/ameenahmad/.m2/repository/org/apache/logging/log4j/log4j-api/2.14.1/log4j-api-2.14.1.jar:/Users/ameenahmad/.m2/repository/org/slf4j/jul-to-slf4j/1.7.32/jul-to-slf4j-1.7.32.jar:/Users/ameenahmad/.m2/repository/jakarta/annotation/jakarta.annotation-api/1.3.5/jakarta.annotation-api-1.3.5.jar:/Users/ameenahmad/.m2/repository/org/yaml/snakeyaml/1.29/snakeyaml-1.29.jar:/Users/ameenahmad/.m2/repository/org/springframework/boot/spring-boot-starter-json/2.6.0/spring-boot-starter-json-2.6.0.jar:/Users/ameenahmad/.m2/repository/com/fasterxml/jackson/core/jackson-databind/2.13.0/jackson-databind-2.13.0.jar:/Users/ameenahmad/.m2/repository/com/fasterxml/jackson/core/jackson-annotations/2.13.0/jackson-annotations-2.13.0.jar:/Users/ameenahmad/.m2/repository/com/fasterxml/jackson/core/jackson-core/2.13.0/jackson-core-2.13.0.jar:/Users/ameenahmad/.m2/repository/com/fasterxml/jackson/datatype/jackson-datatype-jdk8/2.13.0/jackson-datatype-jdk8-2.13.0.jar:/Users/ameenahmad/.m2/repository/com/fasterxml/jackson/datatype/jackson-datatype-jsr310/2.13.0/jackson-datatype-jsr310-2.13.0.jar:/Users/ameenahmad/.m2/repository/com/fasterxml/jackson/module/jackson-module-parameter-names/2.13.0/jackson-module-parameter-names-2.13.0.jar:/Users/ameenahmad/.m2/repository/org/springframework/boot/spring-boot-starter-tomcat/2.6.0/spring-boot-starter-tomcat-2.6.0.jar:/Users/ameenahmad/.m2/repository/org/apache/tomcat/embed/tomcat-embed-core/9.0.55/tomcat-embed-core-9.0.55.jar:/Users/ameenahmad/.m2/repository/org/apache/tomcat/embed/tomcat-embed-el/9.0.55/tomcat-embed-el-9.0.55.jar:/Users/ameenahmad/.m2/repository/org/apache/tomcat/embed/tomcat-embed-websocket/9.0.55/tomcat-embed-websocket-9.0.55.jar:/Users/ameenahmad/.m2/repository/org/springframework/spring-web/5.3.13/spring-web-5.3.13.jar:/Users/ameenahmad/.m2/repository/org/springframework/spring-webmvc/5.3.13/spring-webmvc-5.3.13.jar:/Users/ameenahmad/.m2/repository/org/springframework/spring-expression/5.3.13/spring-expression-5.3.13.jar:/Users/ameenahmad/.m2/repository/org/springframework/integration/spring-integration-http/5.5.6/spring-integration-http-5.5.6.jar:/Users/ameenahmad/.m2/repository/org/springframework/boot/spring-boot-starter-test/2.6.0/spring-boot-starter-test-2.6.0.jar:/Users/ameenahmad/.m2/repository/org/springframework/boot/spring-boot-test/2.6.0/spring-boot-test-2.6.0.jar:/Users/ameenahmad/.m2/repository/org/springframework/boot/spring-boot-test-autoconfigure/2.6.0/spring-boot-test-autoconfigure-2.6.0.jar:/Users/ameenahmad/.m2/repository/com/jayway/jsonpath/json-path/2.6.0/json-path-2.6.0.jar:/Users/ameenahmad/.m2/repository/net/minidev/json-smart/2.4.7/json-smart-2.4.7.jar:/Users/ameenahmad/.m2/repository/net/minidev/accessors-smart/2.4.7/accessors-smart-2.4.7.jar:/Users/ameenahmad/.m2/repository/org/ow2/asm/asm/9.1/asm-9.1.jar:/Users/ameenahmad/.m2/repository/org/slf4j/slf4j-api/1.7.32/slf4j-api-1.7.32.jar:/Users/ameenahmad/.m2/repository/jakarta/xml/bind/jakarta.xml.bind-api/2.3.3/jakarta.xml.bind-api-2.3.3.jar:/Users/ameenahmad/.m2/repository/jakarta/activation/jakarta.activation-api/1.2.2/jakarta.activation-api-1.2.2.jar:/Users/ameenahmad/.m2/repository/org/assertj/assertj-core/3.21.0/assertj-core-3.21.0.jar:/Users/ameenahmad/.m2/repository/org/hamcrest/hamcrest/2.2/hamcrest-2.2.jar:/Users/ameenahmad/.m2/repository/org/junit/jupiter/junit-jupiter/5.8.1/junit-jupiter-5.8.1.jar:/Users/ameenahmad/.m2/repository/org/junit/jupiter/junit-jupiter-api/5.8.1/junit-jupiter-api-5.8.1.jar:/Users/ameenahmad/.m2/repository/org/opentest4j/opentest4j/1.2.0/opentest4j-1.2.0.jar:/Users/ameenahmad/.m2/repository/org/junit/platform/junit-platform-commons/1.8.1/junit-platform-commons-1.8.1.jar:/Users/ameenahmad/.m2/repository/org/apiguardian/apiguardian-api/1.1.2/apiguardian-api-1.1.2.jar:/Users/ameenahmad/.m2/repository/org/junit/jupiter/junit-jupiter-params/5.8.1/junit-jupiter-params-5.8.1.jar:/Users/ameenahmad/.m2/repository/org/junit/jupiter/junit-jupiter-engine/5.8.1/junit-jupiter-engine-5.8.1.jar:/Users/ameenahmad/.m2/repository/org/junit/platform/junit-platform-engine/1.8.1/junit-platform-engine-1.8.1.jar:/Users/ameenahmad/.m2/repository/org/mockito/mockito-core/4.0.0/mockito-core-4.0.0.jar:/Users/ameenahmad/.m2/repository/net/bytebuddy/byte-buddy/1.11.22/byte-buddy-1.11.22.jar:/Users/ameenahmad/.m2/repository/net/bytebuddy/byte-buddy-agent/1.11.22/byte-buddy-agent-1.11.22.jar:/Users/ameenahmad/.m2/repository/org/objenesis/objenesis/3.2/objenesis-3.2.jar:/Users/ameenahmad/.m2/repository/org/mockito/mockito-junit-jupiter/4.0.0/mockito-junit-jupiter-4.0.0.jar:/Users/ameenahmad/.m2/repository/org/skyscreamer/jsonassert/1.5.0/jsonassert-1.5.0.jar:/Users/ameenahmad/.m2/repository/com/vaadin/external/google/android-json/0.0.20131108.vaadin1/android-json-0.0.20131108.vaadin1.jar:/Users/ameenahmad/.m2/repository/org/springframework/spring-core/5.3.13/spring-core-5.3.13.jar:/Users/ameenahmad/.m2/repository/org/springframework/spring-jcl/5.3.13/spring-jcl-5.3.13.jar:/Users/ameenahmad/.m2/repository/org/springframework/spring-test/5.3.13/spring-test-5.3.13.jar:/Users/ameenahmad/.m2/repository/org/xmlunit/xmlunit-core/2.8.3/xmlunit-core-2.8.3.jar:/Users/ameenahmad/.m2/repository/org/springframework/integration/spring-integration-test/5.5.6/spring-integration-test-5.5.6.jar:/Users/ameenahmad/.m2/repository/org/springframework/integration/spring-integration-test-support/5.5.6/spring-integration-test-support-5.5.6.jar:/Users/ameenahmad/.m2/repository/org/hamcrest/hamcrest-library/2.2/hamcrest-library-2.2.jar:/Users/ameenahmad/.m2/repository/org/hamcrest/hamcrest-core/2.2/hamcrest-core-2.2.jar:"/>
    <property name="java.vm.vendor" value="Oracle Corporation"/>
    <property name="sun.arch.data.model" value="64"/>
    <property name="java.vendor.url" value="https://java.oracle.com/"/>
    <property name="os.name" value="Mac OS X"/>
    <property name="java.vm.specification.version" value="15"/>
    <property name="sun.java.launcher" value="SUN_STANDARD"/>
    <property name="user.country" value="IN"/>
    <property name="sun.boot.library.path" value="/Library/Java/JavaVirtualMachines/jdk-15.0.2.jdk/Contents/Home/lib"/>
    <property name="sun.java.command" value="/Users/ameenahmad/Downloads/demo/target/surefire/surefirebooter11354326453258103294.jar /Users/ameenahmad/Downloads/demo/target/surefire 2021-11-28T01-54-29_480-jvmRun1 surefire15727849697935613632tmp surefire_0335565825511563359tmp"/>
    <property name="http.nonProxyHosts" value="local|*.local|169.254/16|*.169.254/16"/>
    <property name="jdk.debug" value="release"/>
    <property name="surefire.test.class.path" value="/Users/ameenahmad/Downloads/demo/target/test-classes:/Users/ameenahmad/Downloads/demo/target/classes:/Users/ameenahmad/.m2/repository/org/springframework/integration/spring-integration-ftp/5.2.4.RELEASE/spring-integration-ftp-5.2.4.RELEASE.jar:/Users/ameenahmad/.m2/repository/commons-net/commons-net/3.6/commons-net-3.6.jar:/Users/ameenahmad/.m2/repository/org/springframework/integration/spring-integration-file/5.5.6/spring-integration-file-5.5.6.jar:/Users/ameenahmad/.m2/repository/commons-io/commons-io/2.11.0/commons-io-2.11.0.jar:/Users/ameenahmad/.m2/repository/org/springframework/spring-context-support/5.3.13/spring-context-support-5.3.13.jar:/Users/ameenahmad/.m2/repository/org/springframework/spring-beans/5.3.13/spring-beans-5.3.13.jar:/Users/ameenahmad/.m2/repository/org/springframework/spring-context/5.3.13/spring-context-5.3.13.jar:/Users/ameenahmad/.m2/repository/org/springframework/boot/spring-boot-starter-integration/2.6.0/spring-boot-starter-integration-2.6.0.jar:/Users/ameenahmad/.m2/repository/org/springframework/boot/spring-boot-starter-aop/2.6.0/spring-boot-starter-aop-2.6.0.jar:/Users/ameenahmad/.m2/repository/org/springframework/spring-aop/5.3.13/spring-aop-5.3.13.jar:/Users/ameenahmad/.m2/repository/org/aspectj/aspectjweaver/1.9.7/aspectjweaver-1.9.7.jar:/Users/ameenahmad/.m2/repository/org/springframework/integration/spring-integration-core/5.5.6/spring-integration-core-5.5.6.jar:/Users/ameenahmad/.m2/repository/org/springframework/spring-messaging/5.3.13/spring-messaging-5.3.13.jar:/Users/ameenahmad/.m2/repository/org/springframework/spring-tx/5.3.13/spring-tx-5.3.13.jar:/Users/ameenahmad/.m2/repository/org/springframework/retry/spring-retry/1.3.1/spring-retry-1.3.1.jar:/Users/ameenahmad/.m2/repository/javax/annotation/javax.annotation-api/1.3.2/javax.annotation-api-1.3.2.jar:/Users/ameenahmad/.m2/repository/io/projectreactor/reactor-core/3.4.12/reactor-core-3.4.12.jar:/Users/ameenahmad/.m2/repository/org/reactivestreams/reactive-streams/1.0.3/reactive-streams-1.0.3.jar:/Users/ameenahmad/.m2/repository/org/springframework/boot/spring-boot-starter-web/2.6.0/spring-boot-starter-web-2.6.0.jar:/Users/ameenahmad/.m2/repository/org/springframework/boot/spring-boot-starter/2.6.0/spring-boot-starter-2.6.0.jar:/Users/ameenahmad/.m2/repository/org/springframework/boot/spring-boot/2.6.0/spring-boot-2.6.0.jar:/Users/ameenahmad/.m2/repository/org/springframework/boot/spring-boot-autoconfigure/2.6.0/spring-boot-autoconfigure-2.6.0.jar:/Users/ameenahmad/.m2/repository/org/springframework/boot/spring-boot-starter-logging/2.6.0/spring-boot-starter-logging-2.6.0.jar:/Users/ameenahmad/.m2/repository/ch/qos/logback/logback-classic/1.2.7/logback-classic-1.2.7.jar:/Users/ameenahmad/.m2/repository/ch/qos/logback/logback-core/1.2.7/logback-core-1.2.7.jar:/Users/ameenahmad/.m2/repository/org/apache/logging/log4j/log4j-to-slf4j/2.14.1/log4j-to-slf4j-2.14.1.jar:/Users/ameenahmad/.m2/repository/org/apache/logging/log4j/log4j-api/2.14.1/log4j-api-2.14.1.jar:/Users/ameenahmad/.m2/repository/org/slf4j/jul-to-slf4j/1.7.32/jul-to-slf4j-1.7.32.jar:/Users/ameenahmad/.m2/repository/jakarta/annotation/jakarta.annotation-api/1.3.5/jakarta.annotation-api-1.3.5.jar:/Users/ameenahmad/.m2/repository/org/yaml/snakeyaml/1.29/snakeyaml-1.29.jar:/Users/ameenahmad/.m2/repository/org/springframework/boot/spring-boot-starter-json/2.6.0/spring-boot-starter-json-2.6.0.jar:/Users/ameenahmad/.m2/repository/com/fasterxml/jackson/core/jackson-databind/2.13.0/jackson-databind-2.13.0.jar:/Users/ameenahmad/.m2/repository/com/fasterxml/jackson/core/jackson-annotations/2.13.0/jackson-annotations-2.13.0.jar:/Users/ameenahmad/.m2/repository/com/fasterxml/jackson/core/jackson-core/2.13.0/jackson-core-2.13.0.jar:/Users/ameenahmad/.m2/repository/com/fasterxml/jackson/datatype/jackson-datatype-jdk8/2.13.0/jackson-datatype-jdk8-2.13.0.jar:/Users/ameenahmad/.m2/repository/com/fasterxml/jackson/datatype/jackson-datatype-jsr310/2.13.0/jackson-datatype-jsr310-2.13.0.jar:/Users/ameenahmad/.m2/repository/com/fasterxml/jackson/module/jackson-module-parameter-names/2.13.0/jackson-module-parameter-names-2.13.0.jar:/Users/ameenahmad/.m2/repository/org/springframework/boot/spring-boot-starter-tomcat/2.6.0/spring-boot-starter-tomcat-2.6.0.jar:/Users/ameenahmad/.m2/repository/org/apache/tomcat/embed/tomcat-embed-core/9.0.55/tomcat-embed-core-9.0.55.jar:/Users/ameenahmad/.m2/repository/org/apache/tomcat/embed/tomcat-embed-el/9.0.55/tomcat-embed-el-9.0.55.jar:/Users/ameenahmad/.m2/repository/org/apache/tomcat/embed/tomcat-embed-websocket/9.0.55/tomcat-embed-websocket-9.0.55.jar:/Users/ameenahmad/.m2/repository/org/springframework/spring-web/5.3.13/spring-web-5.3.13.jar:/Users/ameenahmad/.m2/repository/org/springframework/spring-webmvc/5.3.13/spring-webmvc-5.3.13.jar:/Users/ameenahmad/.m2/repository/org/springframework/spring-expression/5.3.13/spring-expression-5.3.13.jar:/Users/ameenahmad/.m2/repository/org/springframework/integration/spring-integration-http/5.5.6/spring-integration-http-5.5.6.jar:/Users/ameenahmad/.m2/repository/org/springframework/boot/spring-boot-starter-test/2.6.0/spring-boot-starter-test-2.6.0.jar:/Users/ameenahmad/.m2/repository/org/springframework/boot/spring-boot-test/2.6.0/spring-boot-test-2.6.0.jar:/Users/ameenahmad/.m2/repository/org/springframework/boot/spring-boot-test-autoconfigure/2.6.0/spring-boot-test-autoconfigure-2.6.0.jar:/Users/ameenahmad/.m2/repository/com/jayway/jsonpath/json-path/2.6.0/json-path-2.6.0.jar:/Users/ameenahmad/.m2/repository/net/minidev/json-smart/2.4.7/json-smart-2.4.7.jar:/Users/ameenahmad/.m2/repository/net/minidev/accessors-smart/2.4.7/accessors-smart-2.4.7.jar:/Users/ameenahmad/.m2/repository/org/ow2/asm/asm/9.1/asm-9.1.jar:/Users/ameenahmad/.m2/repository/org/slf4j/slf4j-api/1.7.32/slf4j-api-1.7.32.jar:/Users/ameenahmad/.m2/repository/jakarta/xml/bind/jakarta.xml.bind-api/2.3.3/jakarta.xml.bind-api-2.3.3.jar:/Users/ameenahmad/.m2/repository/jakarta/activation/jakarta.activation-api/1.2.2/jakarta.activation-api-1.2.2.jar:/Users/ameenahmad/.m2/repository/org/assertj/assertj-core/3.21.0/assertj-core-3.21.0.jar:/Users/ameenahmad/.m2/repository/org/hamcrest/hamcrest/2.2/hamcrest-2.2.jar:/Users/ameenahmad/.m2/repository/org/junit/jupiter/junit-jupiter/5.8.1/junit-jupiter-5.8.1.jar:/Users/ameenahmad/.m2/repository/org/junit/jupiter/junit-jupiter-api/5.8.1/junit-jupiter-api-5.8.1.jar:/Users/ameenahmad/.m2/repository/org/opentest4j/opentest4j/1.2.0/opentest4j-1.2.0.jar:/Users/ameenahmad/.m2/repository/org/junit/platform/junit-platform-commons/1.8.1/junit-platform-commons-1.8.1.jar:/Users/ameenahmad/.m2/repository/org/apiguardian/apiguardian-api/1.1.2/apiguardian-api-1.1.2.jar:/Users/ameenahmad/.m2/repository/org/junit/jupiter/junit-jupiter-params/5.8.1/junit-jupiter-params-5.8.1.jar:/Users/ameenahmad/.m2/repository/org/junit/jupiter/junit-jupiter-engine/5.8.1/junit-jupiter-engine-5.8.1.jar:/Users/ameenahmad/.m2/repository/org/junit/platform/junit-platform-engine/1.8.1/junit-platform-engine-1.8.1.jar:/Users/ameenahmad/.m2/repository/org/mockito/mockito-core/4.0.0/mockito-core-4.0.0.jar:/Users/ameenahmad/.m2/repository/net/bytebuddy/byte-buddy/1.11.22/byte-buddy-1.11.22.jar:/Users/ameenahmad/.m2/repository/net/bytebuddy/byte-buddy-agent/1.11.22/byte-buddy-agent-1.11.22.jar:/Users/ameenahmad/.m2/repository/org/objenesis/objenesis/3.2/objenesis-3.2.jar:/Users/ameenahmad/.m2/repository/org/mockito/mockito-junit-jupiter/4.0.0/mockito-junit-jupiter-4.0.0.jar:/Users/ameenahmad/.m2/repository/org/skyscreamer/jsonassert/1.5.0/jsonassert-1.5.0.jar:/Users/ameenahmad/.m2/repository/com/vaadin/external/google/android-json/0.0.20131108.vaadin1/android-json-0.0.20131108.vaadin1.jar:/Users/ameenahmad/.m2/repository/org/springframework/spring-core/5.3.13/spring-core-5.3.13.jar:/Users/ameenahmad/.m2/repository/org/springframework/spring-jcl/5.3.13/spring-jcl-5.3.13.jar:/Users/ameenahmad/.m2/repository/org/springframework/spring-test/5.3.13/spring-test-5.3.13.jar:/Users/ameenahmad/.m2/repository/org/xmlunit/xmlunit-core/2.8.3/xmlunit-core-2.8.3.jar:/Users/ameenahmad/.m2/repository/org/springframework/integration/spring-integration-test/5.5.6/spring-integration-test-5.5.6.jar:/Users/ameenahmad/.m2/repository/org/springframework/integration/spring-integration-test-support/5.5.6/spring-integration-test-support-5.5.6.jar:/Users/ameenahmad/.m2/repository/org/hamcrest/hamcrest-library/2.2/hamcrest-library-2.2.jar:/Users/ameenahmad/.m2/repository/org/hamcrest/hamcrest-core/2.2/hamcrest-core-2.2.jar:"/>
    <property name="sun.cpu.endian" value="little"/>
    <property name="user.home" value="/Users/ameenahmad"/>
    <property name="user.language" value="en"/>
    <property name="java.specification.vendor" value="Oracle Corporation"/>
    <property name="java.version.date" value="2021-01-19"/>
    <property name="java.home" value="/Library/Java/JavaVirtualMachines/jdk-15.0.2.jdk/Contents/Home"/>
    <property name="file.separator" value="/"/>
    <property name="basedir" value="/Users/ameenahmad/Downloads/demo"/>
    <property name="java.vm.compressedOopsMode" value="Zero based"/>
    <property name="line.separator" value="&#10;"/>
    <property name="java.specification.name" value="Java Platform API Specification"/>
    <property name="java.vm.specification.vendor" value="Oracle Corporation"/>
    <property name="surefire.real.class.path" value="/Users/ameenahmad/Downloads/demo/target/surefire/surefirebooter11354326453258103294.jar"/>
    <property name="sun.management.compiler" value="HotSpot 64-Bit Tiered Compilers"/>
    <property name="ftp.nonProxyHosts" value="local|*.local|169.254/16|*.169.254/16"/>
    <property name="java.runtime.version" value="15.0.2+7-27"/>
    <property name="user.name" value="ameenahmad"/>
    <property name="path.separator" value=":"/>
    <property name="os.version" value="10.15.7"/>
    <property name="java.runtime.name" value="Java(TM) SE Runtime Environment"/>
    <property name="file.encoding" value="US-ASCII"/>
    <property name="java.vm.name" value="Java HotSpot(TM) 64-Bit Server VM"/>
    <property name="localRepository" value="/Users/ameenahmad/.m2/repository"/>
    <property name="java.vendor.url.bug" value="https://bugreport.java.com/bugreport/"/>
    <property name="java.io.tmpdir" value="/var/folders/wn/bmyn69l56z91cx5rf256vfx80000gn/T/"/>
    <property name="idea.version" value="2021.2.3"/>
    <property name="java.version" value="15.0.2"/>
    <property name="user.dir" value="/Users/ameenahmad/Downloads/demo"/>
    <property name="os.arch" value="x86_64"/>
    <property name="java.vm.specification.name" value="Java Virtual Machine Specification"/>
    <property name="java.library.path" value="/Users/ameenahmad/Library/Java/Extensions:/Library/Java/Extensions:/Network/Library/Java/Extensions:/System/Library/Java/Extensions:/usr/lib/java:."/>
    <property name="java.vm.info" value="mixed mode, sharing"/>
    <property name="java.vendor" value="Oracle Corporation"/>
    <property name="java.vm.version" value="15.0.2+7-27"/>
    <property name="sun.io.unicode.encoding" value="UnicodeBig"/>
    <property name="socksNonProxyHosts" value="local|*.local|169.254/16|*.169.254/16"/>
    <property name="java.class.version" value="59.0"/>
  </properties>
  <testcase name="contextLoads" classname="com.example.demo.DemoApplicationTests" time="1.091"/>
</testsuite>